<?xml version="1.0" encoding="UTF-8"?>
<testsuite xmlns:xsi="http://www.w3.org/2001/XMLSchema-instance" xsi:noNamespaceSchemaLocation="https://maven.apache.org/surefire/maven-surefire-plugin/xsd/surefire-test-report-3.0.xsd" version="3.0" name="com.redhat.shopping.unit.catalog.CatalogServiceTest" time="0.026" tests="4" errors="0" skipped="0" failures="0">
  <properties>
[...]
</properties>
  <testcase name="getAllReturnsCollectionWithProducts" classname="com.redhat.shopping.unit.catalog.CatalogServiceTest" time="0.017"/>
  <testcase name="givenNoItemsInCatalogThenGetAllReturnsEmptyCollection" classname="com.redhat.shopping.unit.catalog.CatalogServiceTest" time="0.001"/>
  <testcase name="givenProductExistsThenOfIdReturnsProduct" classname="com.redhat.shopping.unit.catalog.CatalogServiceTest" time="0.002"/>
  <testcase name="givenProductDoesNotExistsWhenOfIdIsCalledThenProductNotFoundInCatalogExceptionIsThrown" classname="com.redhat.shopping.unit.catalog.CatalogServiceTest" time="0.002"/>
</testsuite>